<?xml version="1.0" encoding="UTF-8"?>
<testsuite name="ch.zhaw.ovtycoon.model.TroopHandlerTest" tests="6" skipped="0" failures="0" errors="0" timestamp="2022-05-17T08:28:14" hostname="DESKTOP-BRST3K4" time="0.055">
  <properties/>
  <testcase name="unitDistributionWithOddBigPlayerNumberRight" classname="ch.zhaw.ovtycoon.model.TroopHandlerTest" time="0.035"/>
  <testcase name="unitDistributionWithEvenBigPlayerNumberRight" classname="ch.zhaw.ovtycoon.model.TroopHandlerTest" time="0.004"/>
  <testcase name="removedUnitsFromTheRightZone" classname="ch.zhaw.ovtycoon.model.TroopHandlerTest" time="0.004"/>
  <testcase name="movedUnitsToTheRightZone" classname="ch.zhaw.ovtycoon.model.TroopHandlerTest" time="0.004"/>
  <testcase name="movedRightAmountsOfUnits" classname="ch.zhaw.ovtycoon.model.TroopHandlerTest" time="0.004"/>
  <testcase name="reinforcedCorrectly" classname="ch.zhaw.ovtycoon.model.TroopHandlerTest" time="0.003"/>
  <system-out><![CDATA[]]></system-out>
  <system-err><![CDATA[]]></system-err>
</testsuite>
