<?xml version="1.0" encoding="UTF-8"?>
<testsuite name="OV_Tycoon.LibraryTest" tests="1" skipped="0" failures="0" errors="0" timestamp="2022-04-16T12:29:02" hostname="DESKTOP-HPFDVNN" time="0.002">
  <properties/>
  <testcase name="testSomeLibraryMethod" classname="OV_Tycoon.LibraryTest" time="0.002"/>
  <system-out><![CDATA[]]></system-out>
  <system-err><![CDATA[]]></system-err>
</testsuite>
